<?xml version="1.0" encoding="UTF-8"?>
<testng-results ignored="0" total="3" passed="3" failed="0" skipped="0">
  <reporter-output>
  </reporter-output>
  <suite started-at="2025-04-25T12:09:32 IST" name="Suite" finished-at="2025-04-25T12:09:41 IST" duration-ms="8875">
    <groups>
    </groups>
    <test started-at="2025-04-25T12:09:32 IST" name="Test1" finished-at="2025-04-25T12:09:34 IST" duration-ms="1906">
      <class name="crossbrowser.CrossBrow">
        <test-method signature="browserTest(java.lang.String)[pri:0, instance:crossbrowser.CrossBrow@4562e04d]" started-at="2025-04-25T12:09:32 IST" name="browserTest" finished-at="2025-04-25T12:09:34 IST" duration-ms="1871" status="PASS">
          <params>
            <param index="0">
              <value>
                <![CDATA[chrome]]>
              </value>
            </param>
          </params>
          <reporter-output>
          </reporter-output>
        </test-method> <!-- browserTest -->
      </class> <!-- crossbrowser.CrossBrow -->
    </test> <!-- Test1 -->
    <test started-at="2025-04-25T12:09:34 IST" name="Test2" finished-at="2025-04-25T12:09:37 IST" duration-ms="3471">
      <class name="crossbrowser.CrossBrow">
        <test-method signature="browserTest(java.lang.String)[pri:0, instance:crossbrowser.CrossBrow@77c2494c]" started-at="2025-04-25T12:09:34 IST" name="browserTest" finished-at="2025-04-25T12:09:37 IST" duration-ms="3469" status="PASS">
          <params>
            <param index="0">
              <value>
                <![CDATA[ff]]>
              </value>
            </param>
          </params>
          <reporter-output>
          </reporter-output>
        </test-method> <!-- browserTest -->
      </class> <!-- crossbrowser.CrossBrow -->
    </test> <!-- Test2 -->
    <test started-at="2025-04-25T12:09:37 IST" name="Test3" finished-at="2025-04-25T12:09:41 IST" duration-ms="3452">
      <class name="crossbrowser.CrossBrow">
        <test-method signature="browserTest(java.lang.String)[pri:0, instance:crossbrowser.CrossBrow@233795b6]" started-at="2025-04-25T12:09:37 IST" name="browserTest" finished-at="2025-04-25T12:09:41 IST" duration-ms="3449" status="PASS">
          <params>
            <param index="0">
              <value>
                <![CDATA[edge]]>
              </value>
            </param>
          </params>
          <reporter-output>
          </reporter-output>
        </test-method> <!-- browserTest -->
      </class> <!-- crossbrowser.CrossBrow -->
    </test> <!-- Test3 -->
  </suite> <!-- Suite -->
</testng-results>
