<?xml version="1.0" encoding="UTF-8"?>
<testng-results ignored="18" total="21" passed="3" failed="0" skipped="0">
  <reporter-output>
  </reporter-output>
  <suite started-at="2025-04-23T12:17:35 IST" name="Suite" finished-at="2025-04-23T12:17:35 IST" duration-ms="60">
    <groups>
      <group name="seller_update">
        <method signature="CustomerProduct.search()[pri:0, instance:shopping.CustomerProduct@235834f2]" name="search" class="shopping.CustomerProduct"/>
        <method signature="Seller.login()[pri:0, instance:shopping.Seller@55182842]" name="login" class="shopping.Seller"/>
        <method signature="SellerProduct.manage()[pri:0, instance:shopping.SellerProduct@4c583ecf]" name="manage" class="shopping.SellerProduct"/>
      </group> <!-- seller_update -->
    </groups>
    <test started-at="2025-04-23T12:17:35 IST" name="Test2" finished-at="2025-04-23T12:17:35 IST" duration-ms="60">
      <class name="shopping.Seller">
        <test-method signature="login()[pri:0, instance:shopping.Seller@55182842]" started-at="2025-04-23T12:17:35 IST" name="login" finished-at="2025-04-23T12:17:35 IST" duration-ms="1" status="PASS">
          <reporter-output>
          </reporter-output>
        </test-method> <!-- login -->
      </class> <!-- shopping.Seller -->
      <class name="shopping.CustomerProduct">
        <test-method signature="search()[pri:0, instance:shopping.CustomerProduct@235834f2]" started-at="2025-04-23T12:17:35 IST" name="search" finished-at="2025-04-23T12:17:35 IST" duration-ms="1" status="PASS">
          <reporter-output>
          </reporter-output>
        </test-method> <!-- search -->
      </class> <!-- shopping.CustomerProduct -->
      <class name="shopping.SellerProduct">
        <test-method signature="manage()[pri:0, instance:shopping.SellerProduct@4c583ecf]" started-at="2025-04-23T12:17:35 IST" name="manage" finished-at="2025-04-23T12:17:35 IST" duration-ms="9" status="PASS">
          <reporter-output>
          </reporter-output>
        </test-method> <!-- manage -->
      </class> <!-- shopping.SellerProduct -->
    </test> <!-- Test2 -->
  </suite> <!-- Suite -->
</testng-results>
