<?xml version="1.0" encoding="UTF-8"?>
<!-- Generated by org.testng.reporters.JUnitXMLReporter -->
<testsuite ignored="0" hostname="DESKTOP-3N8J1NJ" failures="0" tests="4" name="Default test" time="2.625" errors="0" timestamp="2025-04-25T11:41:17 IST">
  <testcase classname="parameters.Login2" name="login" time="0.102"/>
  <testcase classname="parameters.Login2" name="login" time="0.085"/>
  <testcase classname="parameters.Login2" name="login" time="0.08"/>
  <testcase classname="parameters.Login2" name="login" time="0.082"/>
</testsuite> <!-- Default test -->
