<?xml version="1.0" encoding="UTF-8"?>
<!-- Generated by org.testng.reporters.JUnitXMLReporter -->
<testsuite ignored="0" hostname="DESKTOP-3N8J1NJ" failures="0" tests="4" name="Default test" time="0.055" errors="0" timestamp="2025-04-23T12:00:37 IST">
  <testcase classname="shopping.Payment" name="COD" time="0.008"/>
  <testcase classname="shopping.Payment" name="UPI" time="0.001"/>
  <testcase classname="shopping.Payment" name="creditCard" time="0.001"/>
  <testcase classname="shopping.Payment" name="debitCard" time="0.002"/>
</testsuite> <!-- Default test -->
