<?xml version="1.0" encoding="UTF-8"?>
<!-- Generated by org.testng.reporters.JUnitXMLReporter -->
<testsuite ignored="0" hostname="DESKTOP-3N8J1NJ" failures="1" tests="1" name="Test" time="2.387" errors="0" timestamp="2025-04-25T12:01:30 IST">
  <testcase classname="listeners.FB" name="login" time="2.249">
    <failure type="java.lang.AssertionError" message="expected [Facebook] but found [Facebook – log in or sign up]">
      <![CDATA[java.lang.AssertionError: expected [Facebook] but found [Facebook – log in or sign up]
at listeners.FB.login(FB.java:24)
at java.base/java.util.ArrayList.forEach(ArrayList.java:1596)
... Removed 31 stack frames]]>
    </failure>
  </testcase> <!-- login -->
</testsuite> <!-- Test -->
