<?xml version="1.0" encoding="UTF-8"?>
<!-- Generated by org.testng.reporters.JUnitXMLReporter -->
<testsuite ignored="18" hostname="DESKTOP-3N8J1NJ" failures="0" tests="3" name="Test1" time="0.066" errors="0" timestamp="2025-04-23T12:14:23 IST">
  <testcase classname="shopping.Customer" name="login" time="0.011"/>
  <testcase classname="shopping.CustomerProduct" name="addToCart" time="0.001"/>
  <testcase classname="shopping.Payment" name="creditCard" time="0.001"/>
  <testcase classname="shopping.CustomerProduct" name="manageCart" time="0.0">
    <ignored/>
  </testcase> <!-- manageCart -->
  <testcase classname="shopping.Seller" name="changePass" time="0.0">
    <ignored/>
  </testcase> <!-- changePass -->
  <testcase classname="shopping.Seller" name="login" time="0.0">
    <ignored/>
  </testcase> <!-- login -->
  <testcase classname="shopping.CustomerProduct" name="search" time="0.0">
    <ignored/>
  </testcase> <!-- search -->
  <testcase classname="shopping.Seller" name="profile" time="0.0">
    <ignored/>
  </testcase> <!-- profile -->
  <testcase classname="shopping.Seller" name="logout" time="0.0">
    <ignored/>
  </testcase> <!-- logout -->
  <testcase classname="shopping.CustomerProduct" name="addToWishList" time="0.0">
    <ignored/>
  </testcase> <!-- addToWishList -->
  <testcase classname="shopping.SellerProduct" name="upload" time="0.0">
    <ignored/>
  </testcase> <!-- upload -->
  <testcase classname="shopping.Customer" name="CA" time="0.0">
    <ignored/>
  </testcase> <!-- CA -->
  <testcase classname="shopping.SellerProduct" name="manage" time="0.0">
    <ignored/>
  </testcase> <!-- manage -->
  <testcase classname="shopping.SellerProduct" name="remove" time="0.0">
    <ignored/>
  </testcase> <!-- remove -->
  <testcase classname="shopping.Customer" name="logout" time="0.0">
    <ignored/>
  </testcase> <!-- logout -->
  <testcase classname="shopping.Payment" name="UPI" time="0.0">
    <ignored/>
  </testcase> <!-- UPI -->
  <testcase classname="shopping.Seller" name="CA" time="0.0">
    <ignored/>
  </testcase> <!-- CA -->
  <testcase classname="shopping.Customer" name="profile" time="0.0">
    <ignored/>
  </testcase> <!-- profile -->
  <testcase classname="shopping.Payment" name="debitCard" time="0.0">
    <ignored/>
  </testcase> <!-- debitCard -->
  <testcase classname="shopping.Customer" name="changePass" time="0.0">
    <ignored/>
  </testcase> <!-- changePass -->
  <testcase classname="shopping.Payment" name="COD" time="0.0">
    <ignored/>
  </testcase> <!-- COD -->
</testsuite> <!-- Test1 -->
